<?xml version='1.0' encoding='UTF-8'?>
<testsuite hostname="chen-System-Product-Name" name="core.ALU.ALUSpec" tests="1" errors="0" failures="1" skipped="0" time="3.753" timestamp="2025-02-26T17:24:57">
          <properties>
      <property name="java.specification.version" value="17"/><property name="sun.jnu.encoding" value="UTF-8"/><property name="sun.arch.data.model" value="64"/><property name="java.vendor.url" value="https://www.graalvm.org/"/><property name="sun.boot.library.path" value="/home/chen/.sdkman/candidates/java/17.0.9-graalce/lib"/><property name="sun.java.command" value="/home/chen/.cache/coursier/arc/https/github.com/sbt/sbt/releases/download/v1.10.6/sbt-1.10.6.zip/sbt/bin/sbt-launch.jar test"/><property name="jdk.debug" value="release"/><property name="sun.stderr.encoding" value="UTF-8"/><property name="java.specification.vendor" value="Oracle Corporation"/><property name="java.version.date" value="2023-10-17"/><property name="java.home" value="/home/chen/.sdkman/candidates/java/17.0.9-graalce"/><property name="file.separator" value="/"/><property name="java.vm.compressedOopsMode" value="32-bit"/><property name="line.separator" value="
"/><property name="sun.stdout.encoding" value="UTF-8"/><property name="java.vm.specification.vendor" value="Oracle Corporation"/><property name="java.specification.name" value="Java Platform API Specification"/><property name="sun.management.compiler" value="HotSpot 64-Bit Tiered Compilers"/><property name="java.runtime.version" value="17.0.9+9-jvmci-23.0-b22"/><property name="user.name" value="chen"/><property name="log4j.ignoreTCL" value="true"/><property name="file.encoding" value="UTF-8"/><property name="jnidispatch.path" value="/home/chen/.cache/JNA/temp/jna892714004563232751.tmp"/><property name="java.vendor.version" value="GraalVM CE 17.0.9+9.1"/><property name="jna.loaded" value="true"/><property name="java.io.tmpdir" value="/tmp"/><property name="java.version" value="17.0.9"/><property name="java.vm.specification.name" value="Java Virtual Machine Specification"/><property name="native.encoding" value="UTF-8"/><property name="java.library.path" value="/usr/java/packages/lib:/usr/lib64:/lib64:/lib:/usr/lib"/><property name="java.vendor" value="GraalVM Community"/><property name="scala.ext.dirs" value="/home/chen/.sbt/1.0/java9-rt-ext-graalvm_community_17_0_9"/><property name="sun.io.unicode.encoding" value="UnicodeLittle"/><property name="java.class.path" value="/home/chen/.cache/coursier/arc/https/github.com/sbt/sbt/releases/download/v1.10.6/sbt-1.10.6.zip/sbt/bin/sbt-launch.jar"/><property name="java.vm.vendor" value="GraalVM Community"/><property name="jline.shutdownhook" value="false"/><property name="user.timezone" value="Asia/Shanghai"/><property name="java.vm.specification.version" value="17"/><property name="os.name" value="Linux"/><property name="sun.java.launcher" value="SUN_STANDARD"/><property name="user.country" value="US"/><property name="sun.cpu.endian" value="little"/><property name="user.home" value="/home/chen"/><property name="user.language" value="en"/><property name="sbt.script" value="/home/chen/.cache/coursier/arc/https/github.com/sbt/sbt/releases/download/v1.10.6/sbt-1.10.6.zip/sbt/bin/sbt"/><property name="sbt.ipcsocket.tmpdir" value="/run/user/1000/.sbt1063c667/ipcsocket"/><property name="swoval.tmpdir" value="/run/user/1000/.sbt1063c667/swoval"/><property name="jdk.internal.vm.ci.enabled" value="true"/><property name="jline.esc.timeout" value="0"/><property name="path.separator" value=":"/><property name="os.version" value="6.8.0-52-generic"/><property name="jna.nosys" value="true"/><property name="java.runtime.name" value="OpenJDK Runtime Environment"/><property name="java.vm.name" value="OpenJDK 64-Bit Server VM"/><property name="jna.platform.library.path" value="/usr/lib/x86_64-linux-gnu:/lib/x86_64-linux-gnu:/usr/lib64:/lib64:/usr/lib:/lib:/libx32:/lib32:/usr/lib/x86_64-linux-gnu/libfakeroot"/><property name="java.vendor.url.bug" value="https://github.com/oracle/graal/issues"/><property name="user.dir" value="/home/chen/RVCORE/Mantis"/><property name="os.arch" value="amd64"/><property name="java.vm.info" value="mixed mode, sharing"/><property name="java.vm.version" value="17.0.9+9-jvmci-23.0-b22"/><property name="java.class.version" value="61.0"/>
    </properties>
          <testcase classname="core.ALU.ALUSpec" name="ALU should pass all test cases from CSV" time="3.753">
                      <failure message="unittest/ALU/alu_testcases.csv (No such file or directory)" type="java.io.FileNotFoundException">java.io.FileNotFoundException: unittest/ALU/alu_testcases.csv (No such file or directory)
	at java.base/java.io.FileInputStream.open0(Native Method)
	at java.base/java.io.FileInputStream.open(FileInputStream.java:216)
	at java.base/java.io.FileInputStream.&lt;init&gt;(FileInputStream.java:157)
	at scala.io.Source$.fromFile(Source.scala:94)
	at scala.io.Source$.fromFile(Source.scala:79)
	at scala.io.Source$.fromFile(Source.scala:57)
	at core.ALU.ALUSpec.loadTestCases(ALUSpec.scala:24)
	at core.ALU.ALUSpec.$anonfun$new$3(ALUSpec.scala:42)
	at core.ALU.ALUSpec.$anonfun$new$3$adapted(ALUSpec.scala:41)
	at chisel3.simulator.EphemeralSimulator$.$anonfun$simulate$1(EphemeralSimulator.scala:25)
	at chisel3.simulator.EphemeralSimulator$.$anonfun$simulate$1$adapted(EphemeralSimulator.scala:25)
	at chisel3.simulator.Simulator.$anonfun$_simulate$1(Simulator.scala:111)
	at chisel3.simulator.package$ChiselSimulation.$anonfun$runElaboratedModule$2(package.scala:87)
	at scala.util.DynamicVariable.withValue(DynamicVariable.scala:59)
	at chisel3.simulator.package$AnySimulatedModule$.withValue(package.scala:71)
	at chisel3.simulator.package$ChiselSimulation.$anonfun$runElaboratedModule$1(package.scala:87)
	at svsim.Simulation.$anonfun$run$3(Simulation.scala:51)
	at scala.util.Try$.apply(Try.scala:210)
	at svsim.Simulation.run(Simulation.scala:50)
	at chisel3.simulator.package$ChiselSimulation.runElaboratedModule(package.scala:84)
	at chisel3.simulator.Simulator$WorkspaceCompiler.$anonfun$process$1(Simulator.scala:64)
	at scala.util.Try$.apply(Try.scala:210)
	at chisel3.simulator.Simulator$WorkspaceCompiler.liftedTree1$1(Simulator.scala:64)
	at chisel3.simulator.Simulator$WorkspaceCompiler.process(Simulator.scala:53)
	at chisel3.simulator.SingleBackendSimulator.processBackends(Simulator.scala:139)
	at chisel3.simulator.SingleBackendSimulator.processBackends$(Simulator.scala:138)
	at chisel3.simulator.EphemeralSimulator$DefaultSimulator.processBackends(EphemeralSimulator.scala:28)
	at chisel3.simulator.Simulator._simulate(Simulator.scala:116)
	at chisel3.simulator.Simulator._simulate$(Simulator.scala:97)
	at chisel3.simulator.EphemeralSimulator$DefaultSimulator._simulate(EphemeralSimulator.scala:28)
	at chisel3.simulator.SingleBackendSimulator.simulate(Simulator.scala:146)
	at chisel3.simulator.SingleBackendSimulator.simulate$(Simulator.scala:142)
	at chisel3.simulator.EphemeralSimulator$DefaultSimulator.simulate(EphemeralSimulator.scala:28)
	at chisel3.simulator.EphemeralSimulator$.simulate(EphemeralSimulator.scala:25)
	at core.ALU.ALUSpec.$anonfun$new$1(ALUSpec.scala:41)
	at scala.runtime.java8.JFunction0$mcV$sp.apply(JFunction0$mcV$sp.scala:18)
	at org.scalatest.OutcomeOf.outcomeOf(OutcomeOf.scala:85)
	at org.scalatest.OutcomeOf.outcomeOf$(OutcomeOf.scala:83)
	at org.scalatest.OutcomeOf$.outcomeOf(OutcomeOf.scala:104)
	at org.scalatest.Transformer.apply(Transformer.scala:22)
	at org.scalatest.Transformer.apply(Transformer.scala:20)
	at org.scalatest.freespec.AnyFreeSpecLike$$anon$1.apply(AnyFreeSpecLike.scala:437)
	at org.scalatest.TestSuite.withFixture(TestSuite.scala:196)
	at org.scalatest.TestSuite.withFixture$(TestSuite.scala:195)
	at org.scalatest.freespec.AnyFreeSpec.withFixture(AnyFreeSpec.scala:1740)
	at org.scalatest.freespec.AnyFreeSpecLike.invokeWithFixture$1(AnyFreeSpecLike.scala:435)
	at org.scalatest.freespec.AnyFreeSpecLike.$anonfun$runTest$1(AnyFreeSpecLike.scala:447)
	at org.scalatest.SuperEngine.runTestImpl(Engine.scala:306)
	at org.scalatest.freespec.AnyFreeSpecLike.runTest(AnyFreeSpecLike.scala:447)
	at org.scalatest.freespec.AnyFreeSpecLike.runTest$(AnyFreeSpecLike.scala:429)
	at org.scalatest.freespec.AnyFreeSpec.runTest(AnyFreeSpec.scala:1740)
	at org.scalatest.freespec.AnyFreeSpecLike.$anonfun$runTests$1(AnyFreeSpecLike.scala:506)
	at org.scalatest.SuperEngine.$anonfun$runTestsInBranch$1(Engine.scala:413)
	at scala.collection.immutable.List.foreach(List.scala:333)
	at org.scalatest.SuperEngine.traverseSubNodes$1(Engine.scala:401)
	at org.scalatest.SuperEngine.runTestsInBranch(Engine.scala:396)
	at org.scalatest.SuperEngine.runTestsImpl(Engine.scala:475)
	at org.scalatest.freespec.AnyFreeSpecLike.runTests(AnyFreeSpecLike.scala:506)
	at org.scalatest.freespec.AnyFreeSpecLike.runTests$(AnyFreeSpecLike.scala:505)
	at org.scalatest.freespec.AnyFreeSpec.runTests(AnyFreeSpec.scala:1740)
	at org.scalatest.Suite.run(Suite.scala:1114)
	at org.scalatest.Suite.run$(Suite.scala:1096)
	at org.scalatest.freespec.AnyFreeSpec.org$scalatest$freespec$AnyFreeSpecLike$$super$run(AnyFreeSpec.scala:1740)
	at org.scalatest.freespec.AnyFreeSpecLike.$anonfun$run$1(AnyFreeSpecLike.scala:550)
	at org.scalatest.SuperEngine.runImpl(Engine.scala:535)
	at org.scalatest.freespec.AnyFreeSpecLike.run(AnyFreeSpecLike.scala:550)
	at org.scalatest.freespec.AnyFreeSpecLike.run$(AnyFreeSpecLike.scala:549)
	at org.scalatest.freespec.AnyFreeSpec.run(AnyFreeSpec.scala:1740)
	at org.scalatest.tools.Framework.org$scalatest$tools$Framework$$runSuite(Framework.scala:321)
	at org.scalatest.tools.Framework$ScalaTestTask.execute(Framework.scala:517)
	at sbt.TestRunner.runTest$1(TestFramework.scala:153)
	at sbt.TestRunner.run(TestFramework.scala:168)
	at sbt.TestFramework$$anon$3$$anonfun$$lessinit$greater$1.$anonfun$apply$1(TestFramework.scala:336)
	at sbt.TestFramework$.sbt$TestFramework$$withContextLoader(TestFramework.scala:296)
	at sbt.TestFramework$$anon$3$$anonfun$$lessinit$greater$1.apply(TestFramework.scala:336)
	at sbt.TestFramework$$anon$3$$anonfun$$lessinit$greater$1.apply(TestFramework.scala:336)
	at sbt.TestFunction.apply(TestFramework.scala:348)
	at sbt.Tests$.$anonfun$toTask$1(Tests.scala:436)
	at sbt.std.Transform$$anon$3.$anonfun$apply$2(Transform.scala:47)
	at sbt.std.Transform$$anon$4.work(Transform.scala:69)
	at sbt.Execute.$anonfun$submit$2(Execute.scala:283)
	at sbt.internal.util.ErrorHandling$.wideConvert(ErrorHandling.scala:24)
	at sbt.Execute.work(Execute.scala:292)
	at sbt.Execute.$anonfun$submit$1(Execute.scala:283)
	at sbt.ConcurrentRestrictions$$anon$4.$anonfun$submitValid$1(ConcurrentRestrictions.scala:265)
	at sbt.CompletionService$$anon$2.call(CompletionService.scala:65)
	at java.base/java.util.concurrent.FutureTask.run(FutureTask.java:264)
	at java.base/java.util.concurrent.Executors$RunnableAdapter.call(Executors.java:539)
	at java.base/java.util.concurrent.FutureTask.run(FutureTask.java:264)
	at java.base/java.util.concurrent.ThreadPoolExecutor.runWorker(ThreadPoolExecutor.java:1136)
	at java.base/java.util.concurrent.ThreadPoolExecutor$Worker.run(ThreadPoolExecutor.java:635)
	at java.base/java.lang.Thread.run(Thread.java:840)
</failure>
                    </testcase>
          <system-out><![CDATA[]]></system-out>
          <system-err><![CDATA[]]></system-err>
        </testsuite>