<?xml version='1.0' encoding='UTF-8'?>
<testsuite hostname="chen-System-Product-Name" name="core.ALU.ALU_ANDSpec" tests="3" errors="0" failures="0" skipped="0" time="6.329" timestamp="2025-02-26T17:24:57">
          <properties>
      <property name="java.specification.version" value="17"/><property name="sun.jnu.encoding" value="UTF-8"/><property name="sun.arch.data.model" value="64"/><property name="java.vendor.url" value="https://www.graalvm.org/"/><property name="sun.boot.library.path" value="/home/chen/.sdkman/candidates/java/17.0.9-graalce/lib"/><property name="sun.java.command" value="/home/chen/.cache/coursier/arc/https/github.com/sbt/sbt/releases/download/v1.10.6/sbt-1.10.6.zip/sbt/bin/sbt-launch.jar test"/><property name="jdk.debug" value="release"/><property name="sun.stderr.encoding" value="UTF-8"/><property name="java.specification.vendor" value="Oracle Corporation"/><property name="java.version.date" value="2023-10-17"/><property name="java.home" value="/home/chen/.sdkman/candidates/java/17.0.9-graalce"/><property name="file.separator" value="/"/><property name="java.vm.compressedOopsMode" value="32-bit"/><property name="line.separator" value="
"/><property name="sun.stdout.encoding" value="UTF-8"/><property name="java.vm.specification.vendor" value="Oracle Corporation"/><property name="java.specification.name" value="Java Platform API Specification"/><property name="sun.management.compiler" value="HotSpot 64-Bit Tiered Compilers"/><property name="java.runtime.version" value="17.0.9+9-jvmci-23.0-b22"/><property name="user.name" value="chen"/><property name="log4j.ignoreTCL" value="true"/><property name="file.encoding" value="UTF-8"/><property name="jnidispatch.path" value="/home/chen/.cache/JNA/temp/jna892714004563232751.tmp"/><property name="java.vendor.version" value="GraalVM CE 17.0.9+9.1"/><property name="jna.loaded" value="true"/><property name="java.io.tmpdir" value="/tmp"/><property name="java.version" value="17.0.9"/><property name="java.vm.specification.name" value="Java Virtual Machine Specification"/><property name="native.encoding" value="UTF-8"/><property name="java.library.path" value="/usr/java/packages/lib:/usr/lib64:/lib64:/lib:/usr/lib"/><property name="java.vendor" value="GraalVM Community"/><property name="scala.ext.dirs" value="/home/chen/.sbt/1.0/java9-rt-ext-graalvm_community_17_0_9"/><property name="sun.io.unicode.encoding" value="UnicodeLittle"/><property name="java.class.path" value="/home/chen/.cache/coursier/arc/https/github.com/sbt/sbt/releases/download/v1.10.6/sbt-1.10.6.zip/sbt/bin/sbt-launch.jar"/><property name="java.vm.vendor" value="GraalVM Community"/><property name="jline.shutdownhook" value="false"/><property name="user.timezone" value="Asia/Shanghai"/><property name="java.vm.specification.version" value="17"/><property name="os.name" value="Linux"/><property name="sun.java.launcher" value="SUN_STANDARD"/><property name="user.country" value="US"/><property name="sun.cpu.endian" value="little"/><property name="user.home" value="/home/chen"/><property name="user.language" value="en"/><property name="sbt.script" value="/home/chen/.cache/coursier/arc/https/github.com/sbt/sbt/releases/download/v1.10.6/sbt-1.10.6.zip/sbt/bin/sbt"/><property name="sbt.ipcsocket.tmpdir" value="/run/user/1000/.sbt1063c667/ipcsocket"/><property name="swoval.tmpdir" value="/run/user/1000/.sbt1063c667/swoval"/><property name="jdk.internal.vm.ci.enabled" value="true"/><property name="jline.esc.timeout" value="0"/><property name="path.separator" value=":"/><property name="os.version" value="6.8.0-52-generic"/><property name="jna.nosys" value="true"/><property name="java.runtime.name" value="OpenJDK Runtime Environment"/><property name="java.vm.name" value="OpenJDK 64-Bit Server VM"/><property name="jna.platform.library.path" value="/usr/lib/x86_64-linux-gnu:/lib/x86_64-linux-gnu:/usr/lib64:/lib64:/usr/lib:/lib:/libx32:/lib32:/usr/lib/x86_64-linux-gnu/libfakeroot"/><property name="java.vendor.url.bug" value="https://github.com/oracle/graal/issues"/><property name="user.dir" value="/home/chen/RVCORE/Mantis"/><property name="os.arch" value="amd64"/><property name="java.vm.info" value="mixed mode, sharing"/><property name="java.vm.version" value="17.0.9+9-jvmci-23.0-b22"/><property name="java.class.version" value="61.0"/>
    </properties>
          <testcase classname="core.ALU.ALU_ANDSpec" name="test 0&amp;1=0" time="3.754">
                      
                    </testcase><testcase classname="core.ALU.ALU_ANDSpec" name="test small int addition" time="1.136">
                      
                    </testcase><testcase classname="core.ALU.ALU_ANDSpec" name="test add with big step" time="1.439">
                      
                    </testcase>
          <system-out><![CDATA[]]></system-out>
          <system-err><![CDATA[]]></system-err>
        </testsuite>